<?xml version="1.0" encoding="UTF-8"?>
<!-- Generated by org.testng.reporters.JUnitReportReporter -->
<testsuite hostname="0797-VSMSDN12" failures="0" tests="1" name="DeploySmokeTestOnChrome.TC0001_Login" time="22.330" errors="0" timestamp="2025-03-10T13:12:53 IST" skipped="0">
  <testcase classname="DeploySmokeTestOnChrome.TC0001_Login" name="VerifyLoginWorksAsExpected" time="22.330"/>
</testsuite> <!-- DeploySmokeTestOnChrome.TC0001_Login -->
